This is pdfTeX, Version 3.14159265-2.6-1.40.19 (MiKTeX 2.9.6840) (preloaded format=pdflatex 2020.2.3)  6 FEB 2020 23:00
entering extended mode
**./least_square.tex
(least_square.tex
LaTeX2e <2019-10-01> patch level 3

("/Users/fuyuan/Library/Application Support/MiKTeX/texmfs/install/tex/latex/bas
e/article.cls"
Document Class: article 2019/10/25 v1.4k Standard LaTeX document class

("/Users/fuyuan/Library/Application Support/MiKTeX/texmfs/install/tex/latex/bas
e/size10.clo"
File: size10.clo 2019/10/25 v1.4k Standard LaTeX file (size option)
)
\c@part=\count80
\c@section=\count81
\c@subsection=\count82
\c@subsubsection=\count83
\c@paragraph=\count84
\c@subparagraph=\count85
\c@figure=\count86
\c@table=\count87
\abovecaptionskip=\skip41
\belowcaptionskip=\skip42
\bibindent=\dimen102
)
("/Users/fuyuan/Library/Application Support/MiKTeX/texmfs/install/tex/latex/ams
math/amsmath.sty"
Package: amsmath 2019/11/16 v2.17d AMS math features
\@mathmargin=\skip43

For additional information on amsmath, use the `?' option.

("/Users/fuyuan/Library/Application Support/MiKTeX/texmfs/install/tex/latex/ams
math/amstext.sty"
Package: amstext 2000/06/29 v2.01 AMS text

("/Users/fuyuan/Library/Application Support/MiKTeX/texmfs/install/tex/latex/ams
math/amsgen.sty"
File: amsgen.sty 1999/11/30 v2.0 generic functions
\@emptytoks=\toks14
\ex@=\dimen103
))
("/Users/fuyuan/Library/Application Support/MiKTeX/texmfs/install/tex/latex/ams
math/amsbsy.sty"
Package: amsbsy 1999/11/29 v1.2d Bold Symbols
\pmbraise@=\dimen104
)
("/Users/fuyuan/Library/Application Support/MiKTeX/texmfs/install/tex/latex/ams
math/amsopn.sty"
Package: amsopn 2016/03/08 v2.02 operator names
)
\inf@bad=\count88
LaTeX Info: Redefining \frac on input line 227.
\uproot@=\count89
\leftroot@=\count90
LaTeX Info: Redefining \overline on input line 389.
\classnum@=\count91
\DOTSCASE@=\count92
LaTeX Info: Redefining \ldots on input line 486.
LaTeX Info: Redefining \dots on input line 489.
LaTeX Info: Redefining \cdots on input line 610.
\Mathstrutbox@=\box27
\strutbox@=\box28
\big@size=\dimen105
LaTeX Font Info:    Redeclaring font encoding OML on input line 733.
LaTeX Font Info:    Redeclaring font encoding OMS on input line 734.
\macc@depth=\count93
\c@MaxMatrixCols=\count94
\dotsspace@=\muskip10
\c@parentequation=\count95
\dspbrk@lvl=\count96
\tag@help=\toks15
\row@=\count97
\column@=\count98
\maxfields@=\count99
\andhelp@=\toks16
\eqnshift@=\dimen106
\alignsep@=\dimen107
\tagshift@=\dimen108
\tagwidth@=\dimen109
\totwidth@=\dimen110
\lineht@=\dimen111
\@envbody=\toks17
\multlinegap=\skip44
\multlinetaggap=\skip45
\mathdisplay@stack=\toks18
LaTeX Info: Redefining \[ on input line 2858.
LaTeX Info: Redefining \] on input line 2859.
)
("/Users/fuyuan/Library/Application Support/MiKTeX/texmfs/install/tex/latex/ams
fonts/amssymb.sty"
Package: amssymb 2013/01/14 v3.01 AMS font symbols

("/Users/fuyuan/Library/Application Support/MiKTeX/texmfs/install/tex/latex/ams
fonts/amsfonts.sty"
Package: amsfonts 2013/01/14 v3.01 Basic AMSFonts support
\symAMSa=\mathgroup4
\symAMSb=\mathgroup5
LaTeX Font Info:    Redeclaring math symbol \hbar on input line 98.
LaTeX Font Info:    Overwriting math alphabet `\mathfrak' in version `bold'
(Font)                  U/euf/m/n --> U/euf/b/n on input line 106.
))
("/Users/fuyuan/Library/Application Support/MiKTeX/texmfs/install/tex/latex/cjk
/CJKutf8.sty"
Package: CJKutf8 2015/04/18 4.8.4

("/Users/fuyuan/Library/Application Support/MiKTeX/texmfs/install/tex/generic/i
ftex/ifpdf.sty"
Package: ifpdf 2019/10/25 v3.4 ifpdf legacy package. Use iftex instead.

("/Users/fuyuan/Library/Application Support/MiKTeX/texmfs/install/tex/generic/i
ftex/iftex.sty"
Package: iftex 2019/11/07 v1.0c TeX engine tests
))
("/Users/fuyuan/Library/Application Support/MiKTeX/texmfs/install/tex/latex/bas
e/inputenc.sty"
Package: inputenc 2018/08/11 v1.3c Input encoding file
\inpenc@prehook=\toks19
\inpenc@posthook=\toks20
)
("/Users/fuyuan/Library/Application Support/MiKTeX/texmfs/install/tex/latex/cjk
/CJK.sty"
Package: CJK 2015/04/18 4.8.4

("/Users/fuyuan/Library/Application Support/MiKTeX/texmfs/install/tex/latex/cjk
/mule/MULEenc.sty"
Package: MULEenc 2015/04/18 4.8.4
)
("/Users/fuyuan/Library/Application Support/MiKTeX/texmfs/install/tex/latex/cjk
/CJK.enc"
File: CJK.enc 2015/04/18 4.8.4
Now handling font encoding C00 ...
... no UTF-8 mapping file for font encoding C00
Now handling font encoding C05 ...
... no UTF-8 mapping file for font encoding C05
Now handling font encoding C09 ...
... no UTF-8 mapping file for font encoding C09
Now handling font encoding C10 ...
... no UTF-8 mapping file for font encoding C10
Now handling font encoding C20 ...
... no UTF-8 mapping file for font encoding C20
Now handling font encoding C19 ...
... no UTF-8 mapping file for font encoding C19
Now handling font encoding C40 ...
... no UTF-8 mapping file for font encoding C40
Now handling font encoding C42 ...
... no UTF-8 mapping file for font encoding C42
Now handling font encoding C43 ...
... no UTF-8 mapping file for font encoding C43
Now handling font encoding C50 ...
... no UTF-8 mapping file for font encoding C50
Now handling font encoding C52 ...
... no UTF-8 mapping file for font encoding C52
Now handling font encoding C49 ...
... no UTF-8 mapping file for font encoding C49
Now handling font encoding C60 ...
... no UTF-8 mapping file for font encoding C60
Now handling font encoding C61 ...
... no UTF-8 mapping file for font encoding C61
Now handling font encoding C63 ...
... no UTF-8 mapping file for font encoding C63
Now handling font encoding C64 ...
... no UTF-8 mapping file for font encoding C64
Now handling font encoding C65 ...
... no UTF-8 mapping file for font encoding C65
Now handling font encoding C70 ...
... no UTF-8 mapping file for font encoding C70
Now handling font encoding C31 ...
... no UTF-8 mapping file for font encoding C31
Now handling font encoding C32 ...
... no UTF-8 mapping file for font encoding C32
Now handling font encoding C33 ...
... no UTF-8 mapping file for font encoding C33
Now handling font encoding C34 ...
... no UTF-8 mapping file for font encoding C34
Now handling font encoding C35 ...
... no UTF-8 mapping file for font encoding C35
Now handling font encoding C36 ...
... no UTF-8 mapping file for font encoding C36
Now handling font encoding C37 ...
... no UTF-8 mapping file for font encoding C37
Now handling font encoding C80 ...
... no UTF-8 mapping file for font encoding C80
Now handling font encoding C81 ...
... no UTF-8 mapping file for font encoding C81
Now handling font encoding C01 ...
... no UTF-8 mapping file for font encoding C01
Now handling font encoding C11 ...
... no UTF-8 mapping file for font encoding C11
Now handling font encoding C21 ...
... no UTF-8 mapping file for font encoding C21
Now handling font encoding C41 ...
... no UTF-8 mapping file for font encoding C41
Now handling font encoding C62 ...
... no UTF-8 mapping file for font encoding C62
)
LaTeX Info: Redefining \selectfont on input line 755.
\CJK@indent=\box29
)
("/Users/fuyuan/Library/Application Support/MiKTeX/texmfs/install/tex/latex/bas
e/fontenc.sty"
Package: fontenc 2018/08/11 v2.0j Standard LaTeX package
))
("/Users/fuyuan/Library/Application Support/MiKTeX/texmfs/install/tex/latex/geo
metry/geometry.sty"
Package: geometry 2020/01/02 v5.9 Page Geometry

("/Users/fuyuan/Library/Application Support/MiKTeX/texmfs/install/tex/latex/gra
phics/keyval.sty"
Package: keyval 2014/10/28 v1.15 key=value parser (DPC)
\KV@toks@=\toks21
)
("/Users/fuyuan/Library/Application Support/MiKTeX/texmfs/install/tex/generic/i
ftex/ifvtex.sty"
Package: ifvtex 2019/10/25 v1.7 ifvtex legacy package. Use iftex instead.
)
\Gm@cnth=\count100
\Gm@cntv=\count101
\c@Gm@tempcnt=\count102
\Gm@bindingoffset=\dimen112
\Gm@wd@mp=\dimen113
\Gm@odd@mp=\dimen114
\Gm@even@mp=\dimen115
\Gm@layoutwidth=\dimen116
\Gm@layoutheight=\dimen117
\Gm@layouthoffset=\dimen118
\Gm@layoutvoffset=\dimen119
\Gm@dimlist=\toks22

("/Users/fuyuan/Library/Application Support/MiKTeX/texmfs/install/tex/latex/geo
metry/geometry.cfg"))
("/Users/fuyuan/Library/Application Support/MiKTeX/texmfs/install/tex/latex/gra
phics/color.sty"
Package: color 2016/07/10 v1.1e Standard LaTeX Color (DPC)

("/Users/fuyuan/Library/Application Support/MiKTeX/texmfs/install/tex/latex/gra
phics-cfg/color.cfg"
File: color.cfg 2016/01/02 v1.6 sample color configuration
)
Package color Info: Driver file: pdftex.def on input line 147.

("/Users/fuyuan/Library/Application Support/MiKTeX/texmfs/install/tex/latex/gra
phics-def/pdftex.def"
File: pdftex.def 2018/01/08 v1.0l Graphics/color driver for pdftex
))
("/Users/fuyuan/Library/Application Support/MiKTeX/texmfs/install/tex/latex/too
ls/verbatim.sty"
Package: verbatim 2019/11/10 v1.5r LaTeX2e package for verbatim enhancements
\every@verbatim=\toks23
\verbatim@line=\toks24
\verbatim@in@stream=\read1
) (least_square.aux)
\openout1 = `least_square.aux'.

LaTeX Font Info:    Checking defaults for OML/cmm/m/it on input line 8.
LaTeX Font Info:    ... okay on input line 8.
LaTeX Font Info:    Checking defaults for T1/cmr/m/n on input line 8.
LaTeX Font Info:    ... okay on input line 8.
LaTeX Font Info:    Checking defaults for OT1/cmr/m/n on input line 8.
LaTeX Font Info:    ... okay on input line 8.
LaTeX Font Info:    Checking defaults for OMS/cmsy/m/n on input line 8.
LaTeX Font Info:    ... okay on input line 8.
LaTeX Font Info:    Checking defaults for OMX/cmex/m/n on input line 8.
LaTeX Font Info:    ... okay on input line 8.
LaTeX Font Info:    Checking defaults for U/cmr/m/n on input line 8.
LaTeX Font Info:    ... okay on input line 8.
LaTeX Font Info:    Checking defaults for C00/song/m/n on input line 8.
LaTeX Font Info:    ... okay on input line 8.
LaTeX Font Info:    Checking defaults for C05/song/m/n on input line 8.
LaTeX Font Info:    ... okay on input line 8.
LaTeX Font Info:    Checking defaults for C09/song/m/n on input line 8.
LaTeX Font Info:    ... okay on input line 8.
LaTeX Font Info:    Checking defaults for C10/song/m/n on input line 8.
LaTeX Font Info:    ... okay on input line 8.
LaTeX Font Info:    Checking defaults for C20/song/m/n on input line 8.
LaTeX Font Info:    ... okay on input line 8.
LaTeX Font Info:    Checking defaults for C19/song/m/n on input line 8.
LaTeX Font Info:    ... okay on input line 8.
LaTeX Font Info:    Checking defaults for C40/song/m/n on input line 8.
LaTeX Font Info:    ... okay on input line 8.
LaTeX Font Info:    Checking defaults for C42/song/m/n on input line 8.
LaTeX Font Info:    ... okay on input line 8.
LaTeX Font Info:    Checking defaults for C43/song/m/n on input line 8.
LaTeX Font Info:    ... okay on input line 8.
LaTeX Font Info:    Checking defaults for C50/song/m/n on input line 8.
LaTeX Font Info:    ... okay on input line 8.
LaTeX Font Info:    Checking defaults for C52/song/m/n on input line 8.
LaTeX Font Info:    ... okay on input line 8.
LaTeX Font Info:    Checking defaults for C49/song/m/n on input line 8.
LaTeX Font Info:    ... okay on input line 8.
LaTeX Font Info:    Checking defaults for C60/mj/m/n on input line 8.
LaTeX Font Info:    ... okay on input line 8.
LaTeX Font Info:    Checking defaults for C61/mj/m/n on input line 8.
LaTeX Font Info:    ... okay on input line 8.
LaTeX Font Info:    Checking defaults for C63/mj/m/n on input line 8.
LaTeX Font Info:    ... okay on input line 8.
LaTeX Font Info:    Checking defaults for C64/mj/m/n on input line 8.
LaTeX Font Info:    ... okay on input line 8.
LaTeX Font Info:    Checking defaults for C65/mj/m/n on input line 8.
LaTeX Font Info:    ... okay on input line 8.
LaTeX Font Info:    Checking defaults for C70/song/m/n on input line 8.
LaTeX Font Info:    ... okay on input line 8.
LaTeX Font Info:    Checking defaults for C31/song/m/n on input line 8.
LaTeX Font Info:    ... okay on input line 8.
LaTeX Font Info:    Checking defaults for C32/song/m/n on input line 8.
LaTeX Font Info:    ... okay on input line 8.
LaTeX Font Info:    Checking defaults for C33/song/m/n on input line 8.
LaTeX Font Info:    ... okay on input line 8.
LaTeX Font Info:    Checking defaults for C34/song/m/n on input line 8.
LaTeX Font Info:    ... okay on input line 8.
LaTeX Font Info:    Checking defaults for C35/song/m/n on input line 8.
LaTeX Font Info:    ... okay on input line 8.
LaTeX Font Info:    Checking defaults for C36/song/m/n on input line 8.
LaTeX Font Info:    ... okay on input line 8.
LaTeX Font Info:    Checking defaults for C37/song/m/n on input line 8.
LaTeX Font Info:    ... okay on input line 8.
LaTeX Font Info:    Checking defaults for C80/song/m/n on input line 8.
LaTeX Font Info:    ... okay on input line 8.
LaTeX Font Info:    Checking defaults for C81/song/m/n on input line 8.
LaTeX Font Info:    ... okay on input line 8.
LaTeX Font Info:    Checking defaults for C01/song/m/n on input line 8.
LaTeX Font Info:    ... okay on input line 8.
LaTeX Font Info:    Checking defaults for C11/song/m/n on input line 8.
LaTeX Font Info:    ... okay on input line 8.
LaTeX Font Info:    Checking defaults for C21/song/m/n on input line 8.
LaTeX Font Info:    ... okay on input line 8.
LaTeX Font Info:    Checking defaults for C41/song/m/n on input line 8.
LaTeX Font Info:    ... okay on input line 8.
LaTeX Font Info:    Checking defaults for C62/song/m/n on input line 8.
LaTeX Font Info:    ... okay on input line 8.

*geometry* driver: auto-detecting
*geometry* detected driver: pdftex
*geometry* verbose mode - [ preamble ] result:
* driver: pdftex
* paper: <default>
* layout: <same size as paper>
* layoutoffset:(h,v)=(0.0pt,0.0pt)
* modes: 
* h-part:(L,W,R)=(56.9055pt, 500.484pt, 56.9055pt)
* v-part:(T,H,B)=(56.9055pt, 681.15898pt, 56.9055pt)
* \paperwidth=614.295pt
* \paperheight=794.96999pt
* \textwidth=500.484pt
* \textheight=681.15898pt
* \oddsidemargin=-15.36449pt
* \evensidemargin=-15.36449pt
* \topmargin=-52.36449pt
* \headheight=12.0pt
* \headsep=25.0pt
* \topskip=10.0pt
* \footskip=30.0pt
* \marginparwidth=65.0pt
* \marginparsep=11.0pt
* \columnsep=10.0pt
* \skip\footins=9.0pt plus 4.0pt minus 2.0pt
* \hoffset=0.0pt
* \voffset=0.0pt
* \mag=1000
* \@twocolumnfalse
* \@twosidefalse
* \@mparswitchfalse
* \@reversemarginfalse
* (1in=72.27pt=25.4mm, 1cm=28.453pt)


("/Users/fuyuan/Library/Application Support/MiKTeX/texmfs/install/tex/context/b
ase/mkii/supp-pdf.mkii"
[Loading MPS to PDF converter (version 2006.09.02).]
\scratchcounter=\count103
\scratchdimen=\dimen120
\scratchbox=\box30
\nofMPsegments=\count104
\nofMParguments=\count105
\everyMPshowfont=\toks25
\MPscratchCnt=\count106
\MPscratchDim=\dimen121
\MPnumerator=\count107
\makeMPintoPDFobject=\count108
\everyMPtoPDFconversion=\toks26
)
("/Users/fuyuan/Library/Application Support/MiKTeX/texmfs/install/tex/latex/cjk
/UTF8/UTF8.bdg"
File: UTF8.bdg 2015/04/18 4.8.4
)
("/Users/fuyuan/Library/Application Support/MiKTeX/texmfs/install/tex/latex/cjk
/UTF8/UTF8.enc"
File: UTF8.enc 2015/04/18 4.8.4
)
("/Users/fuyuan/Library/Application Support/MiKTeX/texmfs/install/tex/latex/cjk
/UTF8/UTF8.chr"
File: UTF8.chr 2015/04/18 4.8.4
)
LaTeX Font Info:    Trying to load font information for C70+bsmi on input line 
19.

("/Users/fuyuan/Library/Application Support/MiKTeX/texmfs/install/tex/latex/cjk
/UTF8/c70bsmi.fd"
File: c70bsmi.fd 2015/04/18 4.8.4
)
("/Users/fuyuan/Library/Application Support/MiKTeX/texmfs/install/tex/latex/cjk
/UTF8/c70bsmi.fdx"
File: c70bsmi.fdx 2015/04/18 4.8.4
)
LaTeX Font Info:    Trying to load font information for U+msa on input line 19.


("/Users/fuyuan/Library/Application Support/MiKTeX/texmfs/install/tex/latex/ams
fonts/umsa.fd"
File: umsa.fd 2013/01/14 v3.01 AMS symbols A
)
LaTeX Font Info:    Trying to load font information for U+msb on input line 19.


("/Users/fuyuan/Library/Application Support/MiKTeX/texmfs/install/tex/latex/ams
fonts/umsb.fd"
File: umsb.fd 2013/01/14 v3.01 AMS symbols B
)
LaTeX Font Info:    Trying to load font information for OMS+cmr on input line 2
4.

("/Users/fuyuan/Library/Application Support/MiKTeX/texmfs/install/tex/latex/bas
e/omscmr.fd"
File: omscmr.fd 2014/09/29 v2.5h Standard LaTeX font definitions
)
LaTeX Font Info:    Font shape `OMS/cmr/m/n' in size <10> not available
(Font)              Font shape `OMS/cmsy/m/n' tried instead on input line 24.
 [1

{/Users/fuyuan/Library/Application Support/MiKTeX/texmfs/data/pdftex/config/pdf
tex.map}]
Overfull \hbox (36.06181pt too wide) in paragraph at lines 50--51
[]$\OML/cmm/m/it/10 f\OT1/cmr/m/n/10 ([][]) [] [] =: \OML/cmm/m/it/10 Span g[] 
\OT1/cmr/m/n/10 ([])$ 
 []


Underfull \hbox (badness 10000) in paragraph at lines 54--54

 []


Underfull \hbox (badness 10000) in paragraph at lines 56--57

 []


Underfull \hbox (badness 10000) in paragraph at lines 59--59

 []


Underfull \hbox (badness 10000) in paragraph at lines 63--64

 []


Underfull \hbox (badness 10000) in paragraph at lines 71--71

 []


Underfull \hbox (badness 10000) in paragraph at lines 72--72

 []


Underfull \hbox (badness 10000) in paragraph at lines 73--74

 []

[2]
Overfull \hbox (8.83585pt too wide) detected at line 84
\OMS/cmsy/m/n/10  []  [][][] \OT1/cmr/m/n/10 := [\OML/cmm/m/it/10 g[]\OT1/cmr/
m/n/10 ([][])][][]
 []

[3] (least_square.aux) ) 
Here is how much of TeX's memory you used:
 4582 strings out of 494412
 59655 string characters out of 3172751
 121255 words of memory out of 3000000
 8454 multiletter control sequences out of 15000+200000
 41143 words of font info for 148 fonts, out of 3000000 for 9000
 0 hyphenation exceptions out of 8191
 31i,12n,31p,804b,975s stack positions out of 5000i,500n,10000p,200000b,50000s
</Users/fuyuan/Library/Application Support/MiKTeX/texmf
s/install/fonts/type1/arphic/bsmiu/bsmiu30.pfb></Users/fuyuan/Library/Applicati
on Support/MiKTeX/texmfs/install/fonts/type1/arphic/bsmiu/bsmiu4e.pfb></Users/f
uyuan/Library/Application Support/MiKTeX/texmfs/install/fonts/type1/arphic/bsmi
u/bsmiu4f.pfb></Users/fuyuan/Library/Application Support/MiKTeX/texmfs/install/
fonts/type1/arphic/bsmiu/bsmiu50.pfb></Users/fuyuan/Library/Application Support
/MiKTeX/texmfs/install/fonts/type1/arphic/bsmiu/bsmiu51.pfb></Users/fuyuan/Libr
ary/Application Support/MiKTeX/texmfs/install/fonts/type1/arphic/bsmiu/bsmiu52.
pfb></Users/fuyuan/Library/Application Support/MiKTeX/texmfs/install/fonts/type
1/arphic/bsmiu/bsmiu53.pfb></Users/fuyuan/Library/Application Support/MiKTeX/te
xmfs/install/fonts/type1/arphic/bsmiu/bsmiu54.pfb></Users/fuyuan/Library/Applic
ation Support/MiKTeX/texmfs/install/fonts/type1/arphic/bsmiu/bsmiu55.pfb></User
s/fuyuan/Library/Application Support/MiKTeX/texmfs/install/fonts/type1/arphic/b
smiu/bsmiu56.pfb></Users/fuyuan/Library/Application Support/MiKTeX/texmfs/insta
ll/fonts/type1/arphic/bsmiu/bsmiu57.pfb></Users/fuyuan/Library/Application Supp
ort/MiKTeX/texmfs/install/fonts/type1/arphic/bsmiu/bsmiu58.pfb></Users/fuyuan/L
ibrary/Application Support/MiKTeX/texmfs/install/fonts/type1/arphic/bsmiu/bsmiu
59.pfb></Users/fuyuan/Library/Application Support/MiKTeX/texmfs/install/fonts/t
ype1/arphic/bsmiu/bsmiu5b.pfb></Users/fuyuan/Library/Application Support/MiKTeX
/texmfs/install/fonts/type1/arphic/bsmiu/bsmiu5c.pfb></Users/fuyuan/Library/App
lication Support/MiKTeX/texmfs/install/fonts/type1/arphic/bsmiu/bsmiu5d.pfb></U
sers/fuyuan/Library/Application Support/MiKTeX/texmfs/install/fonts/type1/arphi
c/bsmiu/bsmiu5e.pfb></Users/fuyuan/Library/Application Support/MiKTeX/texmfs/in
stall/fonts/type1/arphic/bsmiu/bsmiu5f.pfb></Users/fuyuan/Library/Application S
upport/MiKTeX/texmfs/install/fonts/type1/arphic/bsmiu/bsmiu60.pfb></Users/fuyua
n/Library/Application Support/MiKTeX/texmfs/install/fonts/type1/arphic/bsmiu/bs
miu61.pfb></Users/fuyuan/Library/Application Support/MiKTeX/texmfs/install/font
s/type1/arphic/bsmiu/bsmiu62.pfb></Users/fuyuan/Library/Application Support/MiK
TeX/texmfs/install/fonts/type1/arphic/bsmiu/bsmiu63.pfb></Users/fuyuan/Library/
Application Support/MiKTeX/texmfs/install/fonts/type1/arphic/bsmiu/bsmiu64.pfb>
</Users/fuyuan/Library/Application Support/MiKTeX/texmfs/install/fonts/type1/ar
phic/bsmiu/bsmiu65.pfb></Users/fuyuan/Library/Application Support/MiKTeX/texmfs
/install/fonts/type1/arphic/bsmiu/bsmiu66.pfb></Users/fuyuan/Library/Applicatio
n Support/MiKTeX/texmfs/install/fonts/type1/arphic/bsmiu/bsmiu67.pfb></Users/fu
yuan/Library/Application Support/MiKTeX/texmfs/install/fonts/type1/arphic/bsmiu
/bsmiu68.pfb></Users/fuyuan/Library/Application Support/MiKTeX/texmfs/install/f
onts/type1/arphic/bsmiu/bsmiu69.pfb></Users/fuyuan/Library/Application Support/
MiKTeX/texmfs/install/fonts/type1/arphic/bsmiu/bsmiu6a.pfb></Users/fuyuan/Libra
ry/Application Support/MiKTeX/texmfs/install/fonts/type1/arphic/bsmiu/bsmiu6b.p
fb></Users/fuyuan/Library/Application Support/MiKTeX/texmfs/install/fonts/type1
/arphic/bsmiu/bsmiu6c.pfb></Users/fuyuan/Library/Application Support/MiKTeX/tex
mfs/install/fonts/type1/arphic/bsmiu/bsmiu6e.pfb></Users/fuyuan/Library/Applica
tion Support/MiKTeX/texmfs/install/fonts/type1/arphic/bsmiu/bsmiu73.pfb></Users
/fuyuan/Library/Application Support/MiKTeX/texmfs/install/fonts/type1/arphic/bs
miu/bsmiu75.pfb></Users/fuyuan/Library/Application Support/MiKTeX/texmfs/instal
l/fonts/type1/arphic/bsmiu/bsmiu76.pfb></Users/fuyuan/Library/Application Suppo
rt/MiKTeX/texmfs/install/fonts/type1/arphic/bsmiu/bsmiu77.pfb></Users/fuyuan/Li
brary/Application Support/MiKTeX/texmfs/install/fonts/type1/arphic/bsmiu/bsmiu7
8.pfb></Users/fuyuan/Library/Application Support/MiKTeX/texmfs/install/fonts/ty
pe1/arphic/bsmiu/bsmiu7a.pfb></Users/fuyuan/Library/Application Support/MiKTeX/
texmfs/install/fonts/type1/arphic/bsmiu/bsmiu7b.pfb></Users/fuyuan/Library/Appl
ication Support/MiKTeX/texmfs/install/fonts/type1/arphic/bsmiu/bsmiu7d.pfb></Us
ers/fuyuan/Library/Application Support/MiKTeX/texmfs/install/fonts/type1/arphic
/bsmiu/bsmiu7e.pfb></Users/fuyuan/Library/Application Support/MiKTeX/texmfs/ins
tall/fonts/type1/arphic/bsmiu/bsmiu7f.pfb></Users/fuyuan/Library/Application Su
pport/MiKTeX/texmfs/install/fonts/type1/arphic/bsmiu/bsmiu80.pfb></Users/fuyuan
/Library/Application Support/MiKTeX/texmfs/install/fonts/type1/arphic/bsmiu/bsm
iu89.pfb></Users/fuyuan/Library/Application Support/MiKTeX/texmfs/install/fonts
/type1/arphic/bsmiu/bsmiu8a.pfb></Users/fuyuan/Library/Application Support/MiKT
eX/texmfs/install/fonts/type1/arphic/bsmiu/bsmiu8b.pfb></Users/fuyuan/Library/A
pplication Support/MiKTeX/texmfs/install/fonts/type1/arphic/bsmiu/bsmiu8c.pfb><
/Users/fuyuan/Library/Application Support/MiKTeX/texmfs/install/fonts/type1/arp
hic/bsmiu/bsmiu8d.pfb></Users/fuyuan/Library/Application Support/MiKTeX/texmfs/
install/fonts/type1/arphic/bsmiu/bsmiu8f.pfb></Users/fuyuan/Library/Application
 Support/MiKTeX/texmfs/install/fonts/type1/arphic/bsmiu/bsmiu90.pfb></Users/fuy
uan/Library/Application Support/MiKTeX/texmfs/install/fonts/type1/arphic/bsmiu/
bsmiu91.pfb></Users/fuyuan/Library/Application Support/MiKTeX/texmfs/install/fo
nts/type1/arphic/bsmiu/bsmiu96.pfb></Users/fuyuan/Library/Application Support/M
iKTeX/texmfs/install/fonts/type1/arphic/bsmiu/bsmiu97.pfb></Users/fuyuan/Librar
y/Application Support/MiKTeX/texmfs/install/fonts/type1/arphic/bsmiu/bsmiu98.pf
b></Users/fuyuan/Library/Application Support/MiKTeX/texmfs/install/fonts/type1/
arphic/bsmiu/bsmiu9a.pfb></Users/fuyuan/Library/Application Support/MiKTeX/texm
fs/install/fonts/type1/arphic/bsmiu/bsmiuff.pfb></Users/fuyuan/Library/Applicat
ion Support/MiKTeX/texmfs/install/fonts/type1/public/amsfonts/cm/cmbx10.pfb></U
sers/fuyuan/Library/Application Support/MiKTeX/texmfs/install/fonts/type1/publi
c/amsfonts/cm/cmbx12.pfb></Users/fuyuan/Library/Application Support/MiKTeX/texm
fs/install/fonts/type1/public/amsfonts/cm/cmex10.pfb></Users/fuyuan/Library/App
lication Support/MiKTeX/texmfs/install/fonts/type1/public/amsfonts/cm/cmmi10.pf
b></Users/fuyuan/Library/Application Support/MiKTeX/texmfs/install/fonts/type1/
public/amsfonts/cm/cmmi5.pfb></Users/fuyuan/Library/Application Support/MiKTeX/
texmfs/install/fonts/type1/public/amsfonts/cm/cmmi7.pfb></Users/fuyuan/Library/
Application Support/MiKTeX/texmfs/install/fonts/type1/public/amsfonts/cm/cmr10.
pfb></Users/fuyuan/Library/Application Support/MiKTeX/texmfs/install/fonts/type
1/public/amsfonts/cm/cmr12.pfb></Users/fuyuan/Library/Application Support/MiKTe
X/texmfs/install/fonts/type1/public/amsfonts/cm/cmr17.pfb></Users/fuyuan/Librar
y/Application Support/MiKTeX/texmfs/install/fonts/type1/public/amsfonts/cm/cmr5
.pfb></Users/fuyuan/Library/Application Support/MiKTeX/texmfs/install/fonts/typ
e1/public/amsfonts/cm/cmr7.pfb></Users/fuyuan/Library/Application Support/MiKTe
X/texmfs/install/fonts/type1/public/amsfonts/cm/cmsy10.pfb></Users/fuyuan/Libra
ry/Application Support/MiKTeX/texmfs/install/fonts/type1/public/amsfonts/cm/cms
y5.pfb></Users/fuyuan/Library/Application Support/MiKTeX/texmfs/install/fonts/t
ype1/public/amsfonts/cm/cmsy7.pfb></Users/fuyuan/Library/Application Support/Mi
KTeX/texmfs/install/fonts/type1/public/amsfonts/symbols/msbm10.pfb></Users/fuyu
an/Library/Application Support/MiKTeX/texmfs/install/fonts/type1/public/amsfont
s/symbols/msbm7.pfb>
Output written on least_square.pdf (3 pages, 414589 bytes).
PDF statistics:
 356 PDF objects out of 1000 (max. 8388607)
 0 named destinations out of 1000 (max. 500000)
 225 words of extra memory for PDF output out of 10000 (max. 10000000)

